c:\users\user\documents\visual studio 2015\projects\lengineconfig\lengineconfig\debug\vc140.pdb
c:\users\user\documents\visual studio 2015\projects\lengineconfig\lengineconfig\debug\vc140.idb
c:\users\user\documents\visual studio 2015\projects\lengineconfig\lengineconfig\debug\core.obj
c:\users\user\documents\visual studio 2015\projects\lengineconfig\lengineconfig\debug\inputlistener.obj
c:\users\user\documents\visual studio 2015\projects\lengineconfig\lengineconfig\debug\iomanager.obj
c:\users\user\documents\visual studio 2015\projects\lengineconfig\lengineconfig\debug\main.obj
c:\users\user\documents\visual studio 2015\projects\lengineconfig\lengineconfig\debug\picopng.obj
c:\users\user\documents\visual studio 2015\projects\lengineconfig\lengineconfig\debug\shaderprogram.obj
c:\users\user\documents\visual studio 2015\projects\lengineconfig\lengineconfig\debug\window.obj
c:\users\user\documents\visual studio 2015\projects\lengineconfig\lengineconfig\debug\orthographiccamera.obj
c:\users\user\documents\visual studio 2015\projects\lengineconfig\lengineconfig\debug\lenginecore.obj
c:\users\user\documents\visual studio 2015\projects\lengineconfig\lengineconfig\debug\imageloader.obj
c:\users\user\documents\visual studio 2015\projects\lengineconfig\lengineconfig\debug\pico.obj
c:\users\user\documents\visual studio 2015\projects\lengineconfig\debug\lengineconfig.ilk
c:\users\user\documents\visual studio 2015\projects\lengineconfig\debug\lengineconfig.exe
c:\users\user\documents\visual studio 2015\projects\lengineconfig\debug\lengineconfig.pdb
c:\users\user\documents\visual studio 2015\projects\lengineconfig\lengineconfig\debug\lengineconfig.tlog\cl.command.1.tlog
c:\users\user\documents\visual studio 2015\projects\lengineconfig\lengineconfig\debug\lengineconfig.tlog\cl.read.1.tlog
c:\users\user\documents\visual studio 2015\projects\lengineconfig\lengineconfig\debug\lengineconfig.tlog\cl.write.1.tlog
c:\users\user\documents\visual studio 2015\projects\lengineconfig\lengineconfig\debug\lengineconfig.tlog\link.command.1.tlog
c:\users\user\documents\visual studio 2015\projects\lengineconfig\lengineconfig\debug\lengineconfig.tlog\link.read.1.tlog
c:\users\user\documents\visual studio 2015\projects\lengineconfig\lengineconfig\debug\lengineconfig.tlog\link.write.1.tlog
