  main.cpp
c:\users\user\documents\visual studio 2015\projects\lengineconfig\lengineconfig\vertex.h(7): error C3646: 'position': unknown override specifier
c:\users\user\documents\visual studio 2015\projects\lengineconfig\lengineconfig\vertex.h(7): error C4430: missing type specifier - int assumed. Note: C++ does not support default-int
c:\users\user\documents\visual studio 2015\projects\lengineconfig\lengineconfig\vertex.h(9): error C3646: 'color': unknown override specifier
c:\users\user\documents\visual studio 2015\projects\lengineconfig\lengineconfig\vertex.h(9): error C4430: missing type specifier - int assumed. Note: C++ does not support default-int
c:\users\user\documents\visual studio 2015\projects\lengineconfig\lengineconfig\vertex.h(11): error C3646: 'uv': unknown override specifier
c:\users\user\documents\visual studio 2015\projects\lengineconfig\lengineconfig\vertex.h(11): error C4430: missing type specifier - int assumed. Note: C++ does not support default-int
  Sprite.cpp
c:\users\user\documents\visual studio 2015\projects\lengineconfig\lengineconfig\vertex.h(7): error C3646: 'position': unknown override specifier
c:\users\user\documents\visual studio 2015\projects\lengineconfig\lengineconfig\vertex.h(7): error C4430: missing type specifier - int assumed. Note: C++ does not support default-int
c:\users\user\documents\visual studio 2015\projects\lengineconfig\lengineconfig\vertex.h(9): error C3646: 'color': unknown override specifier
c:\users\user\documents\visual studio 2015\projects\lengineconfig\lengineconfig\vertex.h(9): error C4430: missing type specifier - int assumed. Note: C++ does not support default-int
c:\users\user\documents\visual studio 2015\projects\lengineconfig\lengineconfig\vertex.h(11): error C3646: 'uv': unknown override specifier
c:\users\user\documents\visual studio 2015\projects\lengineconfig\lengineconfig\vertex.h(11): error C4430: missing type specifier - int assumed. Note: C++ does not support default-int
c:\users\user\documents\visual studio 2015\projects\lengineconfig\lengineconfig\sprite.cpp(22): error C2039: 'position': is not a member of 'Vertex'
  c:\users\user\documents\visual studio 2015\projects\lengineconfig\lengineconfig\vertex.h(4): note: see declaration of 'Vertex'
c:\users\user\documents\visual studio 2015\projects\lengineconfig\lengineconfig\sprite.cpp(22): error C2228: left of '.set' must have class/struct/union
c:\users\user\documents\visual studio 2015\projects\lengineconfig\lengineconfig\sprite.cpp(23): error C2039: 'uv': is not a member of 'Vertex'
  c:\users\user\documents\visual studio 2015\projects\lengineconfig\lengineconfig\vertex.h(4): note: see declaration of 'Vertex'
c:\users\user\documents\visual studio 2015\projects\lengineconfig\lengineconfig\sprite.cpp(23): error C2228: left of '.set' must have class/struct/union
c:\users\user\documents\visual studio 2015\projects\lengineconfig\lengineconfig\sprite.cpp(25): error C2039: 'position': is not a member of 'Vertex'
  c:\users\user\documents\visual studio 2015\projects\lengineconfig\lengineconfig\vertex.h(4): note: see declaration of 'Vertex'
c:\users\user\documents\visual studio 2015\projects\lengineconfig\lengineconfig\sprite.cpp(25): error C2228: left of '.set' must have class/struct/union
c:\users\user\documents\visual studio 2015\projects\lengineconfig\lengineconfig\sprite.cpp(26): error C2039: 'uv': is not a member of 'Vertex'
  c:\users\user\documents\visual studio 2015\projects\lengineconfig\lengineconfig\vertex.h(4): note: see declaration of 'Vertex'
c:\users\user\documents\visual studio 2015\projects\lengineconfig\lengineconfig\sprite.cpp(26): error C2228: left of '.set' must have class/struct/union
c:\users\user\documents\visual studio 2015\projects\lengineconfig\lengineconfig\sprite.cpp(28): error C2039: 'position': is not a member of 'Vertex'
  c:\users\user\documents\visual studio 2015\projects\lengineconfig\lengineconfig\vertex.h(4): note: see declaration of 'Vertex'
c:\users\user\documents\visual studio 2015\projects\lengineconfig\lengineconfig\sprite.cpp(28): error C2228: left of '.set' must have class/struct/union
c:\users\user\documents\visual studio 2015\projects\lengineconfig\lengineconfig\sprite.cpp(29): error C2039: 'uv': is not a member of 'Vertex'
  c:\users\user\documents\visual studio 2015\projects\lengineconfig\lengineconfig\vertex.h(4): note: see declaration of 'Vertex'
c:\users\user\documents\visual studio 2015\projects\lengineconfig\lengineconfig\sprite.cpp(29): error C2228: left of '.set' must have class/struct/union
c:\users\user\documents\visual studio 2015\projects\lengineconfig\lengineconfig\sprite.cpp(32): error C2039: 'position': is not a member of 'Vertex'
  c:\users\user\documents\visual studio 2015\projects\lengineconfig\lengineconfig\vertex.h(4): note: see declaration of 'Vertex'
c:\users\user\documents\visual studio 2015\projects\lengineconfig\lengineconfig\sprite.cpp(32): error C2228: left of '.set' must have class/struct/union
c:\users\user\documents\visual studio 2015\projects\lengineconfig\lengineconfig\sprite.cpp(33): error C2039: 'uv': is not a member of 'Vertex'
  c:\users\user\documents\visual studio 2015\projects\lengineconfig\lengineconfig\vertex.h(4): note: see declaration of 'Vertex'
c:\users\user\documents\visual studio 2015\projects\lengineconfig\lengineconfig\sprite.cpp(33): error C2228: left of '.set' must have class/struct/union
c:\users\user\documents\visual studio 2015\projects\lengineconfig\lengineconfig\sprite.cpp(35): error C2039: 'position': is not a member of 'Vertex'
  c:\users\user\documents\visual studio 2015\projects\lengineconfig\lengineconfig\vertex.h(4): note: see declaration of 'Vertex'
c:\users\user\documents\visual studio 2015\projects\lengineconfig\lengineconfig\sprite.cpp(35): error C2228: left of '.set' must have class/struct/union
c:\users\user\documents\visual studio 2015\projects\lengineconfig\lengineconfig\sprite.cpp(36): error C2039: 'uv': is not a member of 'Vertex'
  c:\users\user\documents\visual studio 2015\projects\lengineconfig\lengineconfig\vertex.h(4): note: see declaration of 'Vertex'
c:\users\user\documents\visual studio 2015\projects\lengineconfig\lengineconfig\sprite.cpp(36): error C2228: left of '.set' must have class/struct/union
c:\users\user\documents\visual studio 2015\projects\lengineconfig\lengineconfig\sprite.cpp(38): error C2039: 'position': is not a member of 'Vertex'
  c:\users\user\documents\visual studio 2015\projects\lengineconfig\lengineconfig\vertex.h(4): note: see declaration of 'Vertex'
c:\users\user\documents\visual studio 2015\projects\lengineconfig\lengineconfig\sprite.cpp(38): error C2228: left of '.set' must have class/struct/union
c:\users\user\documents\visual studio 2015\projects\lengineconfig\lengineconfig\sprite.cpp(39): error C2039: 'uv': is not a member of 'Vertex'
  c:\users\user\documents\visual studio 2015\projects\lengineconfig\lengineconfig\vertex.h(4): note: see declaration of 'Vertex'
c:\users\user\documents\visual studio 2015\projects\lengineconfig\lengineconfig\sprite.cpp(39): error C2228: left of '.set' must have class/struct/union
c:\users\user\documents\visual studio 2015\projects\lengineconfig\lengineconfig\sprite.cpp(42): error C2039: 'color': is not a member of 'Vertex'
  c:\users\user\documents\visual studio 2015\projects\lengineconfig\lengineconfig\vertex.h(4): note: see declaration of 'Vertex'
c:\users\user\documents\visual studio 2015\projects\lengineconfig\lengineconfig\sprite.cpp(42): error C2228: left of '.set' must have class/struct/union
c:\users\user\documents\visual studio 2015\projects\lengineconfig\lengineconfig\sprite.cpp(62): error C2039: 'position': is not a member of 'Vertex'
  c:\users\user\documents\visual studio 2015\projects\lengineconfig\lengineconfig\vertex.h(4): note: see declaration of 'Vertex'
c:\users\user\documents\visual studio 2015\projects\lengineconfig\lengineconfig\sprite.cpp(62): error C2198: 'PFNGLVERTEXATTRIBPOINTERPROC': too few arguments for call
c:\users\user\documents\visual studio 2015\projects\lengineconfig\lengineconfig\sprite.cpp(63): error C2039: 'color': is not a member of 'Vertex'
  c:\users\user\documents\visual studio 2015\projects\lengineconfig\lengineconfig\vertex.h(4): note: see declaration of 'Vertex'
c:\users\user\documents\visual studio 2015\projects\lengineconfig\lengineconfig\sprite.cpp(63): error C2198: 'PFNGLVERTEXATTRIBPOINTERPROC': too few arguments for call
c:\users\user\documents\visual studio 2015\projects\lengineconfig\lengineconfig\sprite.cpp(64): error C2039: 'uv': is not a member of 'Vertex'
  c:\users\user\documents\visual studio 2015\projects\lengineconfig\lengineconfig\vertex.h(4): note: see declaration of 'Vertex'
c:\users\user\documents\visual studio 2015\projects\lengineconfig\lengineconfig\sprite.cpp(64): error C2198: 'PFNGLVERTEXATTRIBPOINTERPROC': too few arguments for call
  LengineCore.cpp
c:\users\user\documents\visual studio 2015\projects\lengineconfig\lengineconfig\vertex.h(7): error C3646: 'position': unknown override specifier
c:\users\user\documents\visual studio 2015\projects\lengineconfig\lengineconfig\vertex.h(7): error C4430: missing type specifier - int assumed. Note: C++ does not support default-int
c:\users\user\documents\visual studio 2015\projects\lengineconfig\lengineconfig\vertex.h(9): error C3646: 'color': unknown override specifier
c:\users\user\documents\visual studio 2015\projects\lengineconfig\lengineconfig\vertex.h(9): error C4430: missing type specifier - int assumed. Note: C++ does not support default-int
c:\users\user\documents\visual studio 2015\projects\lengineconfig\lengineconfig\vertex.h(11): error C3646: 'uv': unknown override specifier
c:\users\user\documents\visual studio 2015\projects\lengineconfig\lengineconfig\vertex.h(11): error C4430: missing type specifier - int assumed. Note: C++ does not support default-int
  Generating Code...
